app/build/intermediates/manifest_merge_blame_file/debug/manifest-merger-blame-debug-report.txt
1<?xml version="1.0" encoding="utf-8"?>
2<manifest xmlns:android="http://schemas.android.com/apk/res/android"
3    package="org.pytorch.demo.objectdetection"
4    android:versionCode="1"
5    android:versionName="1.0" >
6
7    <uses-sdk
8        android:minSdkVersion="21"
8-->src\main\AndroidManifest.xml
9        android:targetSdkVersion="30" />
9-->src\main\AndroidManifest.xml
10
11    <uses-permission android:name="android.permission.READ_EXTERNAL_STORAGE" />
11-->src\main\AndroidManifest.xml:5:5-80
11-->src\main\AndroidManifest.xml:5:22-77
12    <uses-permission android:name="android.permission.CAMERA" />
12-->src\main\AndroidManifest.xml:6:5-65
12-->src\main\AndroidManifest.xml:6:22-62
13
14    <application
14-->src\main\AndroidManifest.xml:8:5-37:19
15        android:allowBackup="true"
15-->src\main\AndroidManifest.xml:9:9-35
16        android:appComponentFactory="androidx.core.app.CoreComponentFactory"
16-->[androidx.core:core:1.3.1] AndroidManifest.xml:24:18-86
17        android:debuggable="true"
18        android:icon="@drawable/logo"
18-->src\main\AndroidManifest.xml:10:9-38
19        android:label="@string/app_name"
19-->src\main\AndroidManifest.xml:11:9-41
20        android:roundIcon="@drawable/logo"
20-->src\main\AndroidManifest.xml:12:9-43
21        android:supportsRtl="true"
21-->src\main\AndroidManifest.xml:13:9-35
22        android:theme="@style/AppTheme" >
22-->src\main\AndroidManifest.xml:14:9-40
23        <activity
23-->src\main\AndroidManifest.xml:15:9-17:40
24            android:name="org.pytorch.demo.objectdetection.BerandaActivity"
24-->src\main\AndroidManifest.xml:16:13-44
25            android:exported="false" />
25-->src\main\AndroidManifest.xml:17:13-37
26        <activity
26-->src\main\AndroidManifest.xml:18:9-22:20
27            android:name="org.pytorch.demo.objectdetection.MainActivity"
27-->src\main\AndroidManifest.xml:19:13-41
28            android:configChanges="orientation"
28-->src\main\AndroidManifest.xml:20:13-48
29            android:screenOrientation="portrait" >
29-->src\main\AndroidManifest.xml:21:13-49
30        </activity>
31        <activity
31-->src\main\AndroidManifest.xml:23:9-32:20
32            android:name="org.pytorch.demo.objectdetection.SplashActivity"
32-->src\main\AndroidManifest.xml:24:13-43
33            android:noHistory="true"
33-->src\main\AndroidManifest.xml:25:13-37
34            android:screenOrientation="portrait" >
34-->src\main\AndroidManifest.xml:26:13-49
35            <intent-filter>
35-->src\main\AndroidManifest.xml:27:13-31:29
36                <action android:name="android.intent.action.MAIN" />
36-->src\main\AndroidManifest.xml:28:17-69
36-->src\main\AndroidManifest.xml:28:25-66
37
38                <category android:name="android.intent.category.LAUNCHER" />
38-->src\main\AndroidManifest.xml:30:17-77
38-->src\main\AndroidManifest.xml:30:27-74
39            </intent-filter>
40        </activity>
41        <activity
41-->src\main\AndroidManifest.xml:33:9-36:52
42            android:name="org.pytorch.demo.objectdetection.ObjectDetectionActivity"
42-->src\main\AndroidManifest.xml:34:13-52
43            android:configChanges="orientation"
43-->src\main\AndroidManifest.xml:35:13-48
44            android:screenOrientation="portrait" />
44-->src\main\AndroidManifest.xml:36:13-49
45
46        <provider
46-->[androidx.camera:camera-camera2:1.0.0-alpha05] AndroidManifest.xml:25:9-30:43
47            android:name="androidx.camera.camera2.impl.Camera2Initializer"
47-->[androidx.camera:camera-camera2:1.0.0-alpha05] AndroidManifest.xml:26:13-75
48            android:authorities="org.pytorch.demo.objectdetection.camerax-init"
48-->[androidx.camera:camera-camera2:1.0.0-alpha05] AndroidManifest.xml:27:13-64
49            android:exported="false"
49-->[androidx.camera:camera-camera2:1.0.0-alpha05] AndroidManifest.xml:28:13-37
50            android:initOrder="100"
50-->[androidx.camera:camera-camera2:1.0.0-alpha05] AndroidManifest.xml:29:13-36
51            android:multiprocess="true" />
51-->[androidx.camera:camera-camera2:1.0.0-alpha05] AndroidManifest.xml:30:13-40
52    </application>
53
54</manifest>